<?xml version="1.0" encoding="UTF-8"?>
<!-- Generated by org.testng.reporters.JUnitReportReporter -->
<testsuite hostname="nw52330" failures="0" tests="3" name="banking.AccountNGTest" time="0.096" errors="0" timestamp="18 Mar 2021 05:36:27 GMT">
  <testcase classname="banking.AccountNGTest" name="testGenerateStatement" time="0.061"/>
  <testcase classname="banking.AccountNGTest" name="testGetNoofWithdrawals" time="0.032"/>
  <testcase classname="banking.AccountNGTest" name="testMakeTransaction" time="0.003"/>
</testsuite> <!-- banking.AccountNGTest -->
